0 info it worked if it ends with ok
1 verbose cli [ 'C:\\Program Files (x86)\\nodejs\\node.exe',
1 verbose cli   'C:\\Program Files (x86)\\nodejs\\node_modules\\npm\\bin\\npm-cli.js',
1 verbose cli   'start' ]
2 info using npm@3.7.3
3 info using node@v5.9.1
4 verbose run-script [ 'prestart', 'start', 'poststart' ]
5 info lifecycle votacao-planning-poker@0.0.1~prestart: votacao-planning-poker@0.0.1
6 silly lifecycle votacao-planning-poker@0.0.1~prestart: no script for prestart, continuing
7 info lifecycle votacao-planning-poker@0.0.1~start: votacao-planning-poker@0.0.1
8 verbose lifecycle votacao-planning-poker@0.0.1~start: unsafe-perm in lifecycle true
9 verbose lifecycle votacao-planning-poker@0.0.1~start: PATH: C:\Program Files (x86)\nodejs\node_modules\npm\bin\node-gyp-bin;D:\pessoal\github\votacao-planning-poker\node_modules\.bin;C:\Program Files (x86)\nodejs;C:\XEClient\bin;C:\oraclexe\app\oracle\product\11.2.0\client;C:\oraclexe\app\oracle\product\11.2.0\client_1;C:\Program Files (x86)\CodeGear\RAD Studio\5.0\bin;C:\Users\Public\Documents\RAD Studio\5.0\Bpl;C:\Windows\system32;C:\Windows;C:\Windows\System32\Wbem;C:\Windows\System32\WindowsPowerShell\v1.0\;C:\Program Files\Microsoft SQL Server\Client SDK\ODBC\110\Tools\Binn\;C:\Program Files (x86)\Microsoft SQL Server\120\Tools\Binn\ManagementStudio\;C:\Program Files (x86)\Microsoft SQL Server\120\Tools\Binn\;C:\Program Files\Microsoft SQL Server\120\Tools\Binn\;C:\Program Files (x86)\Microsoft SQL Server\120\DTS\Binn\;C:\Program Files\Microsoft SQL Server\120\DTS\Binn\;C:\Program Files\Microsoft\Web Platform Installer\;C:\Program Files\TortoiseSVN\bin;C:\Program Files\Microsoft SQL Server\110\Tools\Binn\;C:\PROGRA~2\Griaule\Fingerprint SDK 2009\bin;C:\Program Files (x86)\Java\jdk1.7.0_75\bin;C:\Program Files (x86)\Android\android-sdk\tools;C:\Program Files (x86)\Android\android-sdk\platform-tools;C:\apache-ant-1.9.3\bin;C:\Program Files (x86)\Windows Kits\10\Windows Performance Toolkit\;C:\Program Files (x86)\Microsoft SDKs\TypeScript\1.0\;C:\Program Files (x86)\Microsoft Emulator Manager\1.0\;C:\Program Files\Git\cmd;C:\Program Files (x86)\QuickTime\QTSystem\;C:\Program Files (x86)\nodejs\;C:\Program Files (x86)\Skype\Phone\;C:\Users\fsilva\.dnx\runtimes\dnx-clr-win-x86.1.0.0-beta8\bin;C:\Users\fsilva\.dnx\bin;C:\Users\fsilva\AppData\Local\atom\bin;C:\Windows\system32\inetsrv\;C:\Program Files (x86)\Microsoft VS Code\bin;C:\Users\fsilva\AppData\Roaming\npm
10 verbose lifecycle votacao-planning-poker@0.0.1~start: CWD: D:\pessoal\github\votacao-planning-poker
11 silly lifecycle votacao-planning-poker@0.0.1~start: Args: [ '/d /s /c', 'node server/index.js' ]
12 silly lifecycle votacao-planning-poker@0.0.1~start: Returned: code: 1  signal: null
13 info lifecycle votacao-planning-poker@0.0.1~start: Failed to exec start script
14 verbose stack Error: votacao-planning-poker@0.0.1 start: `node server/index.js`
14 verbose stack Exit status 1
14 verbose stack     at EventEmitter.<anonymous> (C:\Program Files (x86)\nodejs\node_modules\npm\lib\utils\lifecycle.js:239:16)
14 verbose stack     at emitTwo (events.js:100:13)
14 verbose stack     at EventEmitter.emit (events.js:185:7)
14 verbose stack     at ChildProcess.<anonymous> (C:\Program Files (x86)\nodejs\node_modules\npm\lib\utils\spawn.js:24:14)
14 verbose stack     at emitTwo (events.js:100:13)
14 verbose stack     at ChildProcess.emit (events.js:185:7)
14 verbose stack     at maybeClose (internal/child_process.js:850:16)
14 verbose stack     at Process.ChildProcess._handle.onexit (internal/child_process.js:215:5)
15 verbose pkgid votacao-planning-poker@0.0.1
16 verbose cwd D:\pessoal\github\votacao-planning-poker
17 error Windows_NT 6.3.9600
18 error argv "C:\\Program Files (x86)\\nodejs\\node.exe" "C:\\Program Files (x86)\\nodejs\\node_modules\\npm\\bin\\npm-cli.js" "start"
19 error node v5.9.1
20 error npm  v3.7.3
21 error code ELIFECYCLE
22 error votacao-planning-poker@0.0.1 start: `node server/index.js`
22 error Exit status 1
23 error Failed at the votacao-planning-poker@0.0.1 start script 'node server/index.js'.
23 error Make sure you have the latest version of node.js and npm installed.
23 error If you do, this is most likely a problem with the votacao-planning-poker package,
23 error not with npm itself.
23 error Tell the author that this fails on your system:
23 error     node server/index.js
23 error You can get information on how to open an issue for this project with:
23 error     npm bugs votacao-planning-poker
23 error Or if that isn't available, you can get their info via:
23 error     npm owner ls votacao-planning-poker
23 error There is likely additional logging output above.
24 verbose exit [ 1, true ]
